[2019-05-10T16:11:36.600] [INFO] devops-prov.factory - Using credentials file: '/Users/ahogg/.edgerc', section: 'a2s-open'
[2019-05-10T16:11:36.605] [INFO] devops-prov.factory - need to create papi
[2019-05-10T16:11:36.607] [INFO] devops-prov.openclient - Requesting: GET /papi/v0/contracts
[2019-05-10T16:11:36.611] [INFO] devops-prov.edgegrid.auth - Unsigned authorization header: EG1-HMAC-SHA256 client_token=akab-gnasupcdly2zn57n-hwzqrs425m6pkfx3;access_token=akab-nimc2hhv7lrhs6w2-gxrxtbqusmuzurov;timestamp=20190510T14:11:36+0000;nonce=eaeb1ad8-e95a-4de2-9616-68a0b396f5b5;

[2019-05-10T16:11:36.612] [INFO] devops-prov.edgegrid.helpers - Body is ""
[2019-05-10T16:11:36.612] [DEBUG] devops-prov.edgegrid.helpers - PREPARED BODY LENGTH 0
[2019-05-10T16:11:36.612] [INFO] devops-prov.edgegrid.helpers - Data to sign: "GET	https	akab-i3bdcdazclq45kls-n5z5tpm3hxsud5yd.luna.akamaiapis.net	/papi/v0/contracts			EG1-HMAC-SHA256 client_token=akab-gnasupcdly2zn57n-hwzqrs425m6pkfx3;access_token=akab-nimc2hhv7lrhs6w2-gxrxtbqusmuzurov;timestamp=20190510T14:11:36+0000;nonce=eaeb1ad8-e95a-4de2-9616-68a0b396f5b5;" 

[2019-05-10T16:11:36.613] [INFO] devops-prov.edgegrid.helpers - Signing key: p98AOJ2JVQ5TwGESs+UzomRJci7r5eR2aTwHUGn5zxs=

[2019-05-10T16:11:36.613] [INFO] devops-prov.edgegrid.auth - Signed authorization header: EG1-HMAC-SHA256 client_token=akab-gnasupcdly2zn57n-hwzqrs425m6pkfx3;access_token=akab-nimc2hhv7lrhs6w2-gxrxtbqusmuzurov;timestamp=20190510T14:11:36+0000;nonce=eaeb1ad8-e95a-4de2-9616-68a0b396f5b5;signature=7j58KMFXKP8wKilPzyrx9jtOH6DjCngZTNnc790+sxA=

[2019-05-10T16:11:36.638] [INFO] devops-prov.edgegrid - request { debugId: 1,
  uri:
   'https://akab-i3bdcdazclq45kls-n5z5tpm3hxsud5yd.luna.akamaiapis.net/papi/v0/contracts',
  method: 'GET',
  headers:
   { 'X-User-Agent': 'Akamai-PD; Version=0.5.1;pm-cli;',
     Authorization:
      'EG1-HMAC-SHA256 client_token=akab-gnasupcdly2zn57n-hwzqrs425m6pkfx3;access_token=akab-nimc2hhv7lrhs6w2-gxrxtbqusmuzurov;timestamp=20190510T14:11:36+0000;nonce=eaeb1ad8-e95a-4de2-9616-68a0b396f5b5;signature=7j58KMFXKP8wKilPzyrx9jtOH6DjCngZTNnc790+sxA=',
     host: 'akab-i3bdcdazclq45kls-n5z5tpm3hxsud5yd.luna.akamaiapis.net' } }
[2019-05-10T16:11:37.571] [INFO] devops-prov.edgegrid - response { debugId: 1,
  headers:
   { 'papi-cache-status': 'CACHE_MISS',
     link:
      '<https://akab-i3bdcdazclq45kls-n5z5tpm3hxsud5yd.luna.akamaiapis.net/papi/v0/schemas/request/GetContractResponse.json>; rel="describedby"',
     'cache-control': 'no-store',
     vary: 'Accept-Encoding',
     'content-type': 'application/json;charset=UTF-8',
     'x-trace-id': '96f65cd58697132e',
     'content-length': '169',
     date: 'Fri, 10 May 2019 14:11:37 GMT',
     connection: 'close' },
  statusCode: 200,
  body:
   '{\n  "accountId" : "act_B-C-1ED34DK",\n  "contracts" : {\n    "items" : [ {\n      "contractId" : "ctr_C-1ED34DY",\n      "contractTypeName" : "AKAMAI_INTERNAL"\n    } ]\n  }\n}' }
[2019-05-10T16:11:37.572] [INFO] devops-prov.openclient - Status code:  200
[2019-05-10T16:11:37.572] [INFO] devops-prov.openclient - Body:  {
  "accountId" : "act_B-C-1ED34DK",
  "contracts" : {
    "items" : [ {
      "contractId" : "ctr_C-1ED34DY",
      "contractTypeName" : "AKAMAI_INTERNAL"
    } ]
  }
}
[2019-05-10T16:14:26.663] [INFO] devops-prov.factory - Using credentials file: '/Users/ahogg/.edgerc', section: 'a2s-open'
[2019-05-10T16:14:26.668] [INFO] devops-prov.factory - need to create papi
[2019-05-10T16:14:26.670] [INFO] devops-prov.openclient - Requesting: GET /papi/v0/groups
[2019-05-10T16:14:26.675] [INFO] devops-prov.edgegrid.auth - Unsigned authorization header: EG1-HMAC-SHA256 client_token=akab-gnasupcdly2zn57n-hwzqrs425m6pkfx3;access_token=akab-nimc2hhv7lrhs6w2-gxrxtbqusmuzurov;timestamp=20190510T14:14:26+0000;nonce=67ef91d2-fde6-49c4-8caf-e413f25c200b;

[2019-05-10T16:14:26.675] [INFO] devops-prov.edgegrid.helpers - Body is ""
[2019-05-10T16:14:26.675] [DEBUG] devops-prov.edgegrid.helpers - PREPARED BODY LENGTH 0
[2019-05-10T16:14:26.676] [INFO] devops-prov.edgegrid.helpers - Data to sign: "GET	https	akab-i3bdcdazclq45kls-n5z5tpm3hxsud5yd.luna.akamaiapis.net	/papi/v0/groups			EG1-HMAC-SHA256 client_token=akab-gnasupcdly2zn57n-hwzqrs425m6pkfx3;access_token=akab-nimc2hhv7lrhs6w2-gxrxtbqusmuzurov;timestamp=20190510T14:14:26+0000;nonce=67ef91d2-fde6-49c4-8caf-e413f25c200b;" 

[2019-05-10T16:14:26.677] [INFO] devops-prov.edgegrid.helpers - Signing key: XZq/K5DJZRsMGkxkjijRdrMsI7o0Dp/mnNJx5b/DJ4g=

[2019-05-10T16:14:26.677] [INFO] devops-prov.edgegrid.auth - Signed authorization header: EG1-HMAC-SHA256 client_token=akab-gnasupcdly2zn57n-hwzqrs425m6pkfx3;access_token=akab-nimc2hhv7lrhs6w2-gxrxtbqusmuzurov;timestamp=20190510T14:14:26+0000;nonce=67ef91d2-fde6-49c4-8caf-e413f25c200b;signature=8b4/9Vj3DSWVsgFj9h0j2fEpe58lMCYWZyjjk9kDhAU=

[2019-05-10T16:14:26.702] [INFO] devops-prov.edgegrid - request { debugId: 1,
  uri:
   'https://akab-i3bdcdazclq45kls-n5z5tpm3hxsud5yd.luna.akamaiapis.net/papi/v0/groups',
  method: 'GET',
  headers:
   { 'X-User-Agent': 'Akamai-PD; Version=0.5.1;pm-cli;',
     Authorization:
      'EG1-HMAC-SHA256 client_token=akab-gnasupcdly2zn57n-hwzqrs425m6pkfx3;access_token=akab-nimc2hhv7lrhs6w2-gxrxtbqusmuzurov;timestamp=20190510T14:14:26+0000;nonce=67ef91d2-fde6-49c4-8caf-e413f25c200b;signature=8b4/9Vj3DSWVsgFj9h0j2fEpe58lMCYWZyjjk9kDhAU=',
     host: 'akab-i3bdcdazclq45kls-n5z5tpm3hxsud5yd.luna.akamaiapis.net' } }
[2019-05-10T16:14:27.467] [INFO] devops-prov.edgegrid - response { debugId: 1,
  headers:
   { 'papi-cache-status': 'CACHE_MISS',
     'cache-control': 'no-store',
     vary: 'Accept-Encoding',
     'content-type': 'application/json;charset=UTF-8',
     'x-trace-id': '06065cd5874116b3',
     'content-length': '1202',
     date: 'Fri, 10 May 2019 14:14:27 GMT',
     connection: 'close' },
  statusCode: 200,
  body:
   '{\n  "accountId" : "act_B-C-1ED34DK",\n  "accountName" : "Advanced Solutions Services",\n  "groups" : {\n    "items" : [ {\n      "groupName" : "sanofi",\n      "groupId" : "grp_101217",\n      "parentGroupId" : "grp_101216",\n      "contractIds" : [ "ctr_C-1ED34DY" ]\n    }, {\n      "groupName" : "ahogg",\n      "groupId" : "grp_101216",\n      "parentGroupId" : "grp_63802",\n      "contractIds" : [ "ctr_C-1ED34DY" ]\n    }, {\n      "groupName" : "DevOpsTraining",\n      "groupId" : "grp_125029",\n      "parentGroupId" : "grp_101216",\n      "contractIds" : [ "ctr_C-1ED34DY" ]\n    }, {\n      "groupName" : "TEMPLATES",\n      "groupId" : "grp_101220",\n      "parentGroupId" : "grp_101217",\n      "contractIds" : [ "ctr_C-1ED34DY" ]\n    }, {\n      "groupName" : "wildcard-test",\n      "groupId" : "grp_114888",\n      "parentGroupId" : "grp_101216",\n      "contractIds" : [ "ctr_C-1ED34DY" ]\n    }, {\n      "groupName" : "monoprix-ninja",\n      "groupId" : "grp_101434",\n      "parentGroupId" : "grp_101216",\n      "contractIds" : [ "ctr_C-1ED34DY" ]\n    }, {\n      "groupName" : "CORP",\n      "groupId" : "grp_103532",\n      "parentGroupId" : "grp_101217",\n      "contractIds" : [ "ctr_C-1ED34DY" ]\n    } ]\n  }\n}' }
[2019-05-10T16:14:27.468] [INFO] devops-prov.openclient - Status code:  200
[2019-05-10T16:14:27.468] [INFO] devops-prov.openclient - Body:  {
  "accountId" : "act_B-C-1ED34DK",
  "accountName" : "Advanced Solutions Services",
  "groups" : {
    "items" : [ {
      "groupName" : "sanofi",
      "groupId" : "grp_101217",
      "parentGroupId" : "grp_101216",
      "contractIds" : [ "ctr_C-1ED34DY" ]
    }, {
      "groupName" : "ahogg",
      "groupId" : "grp_101216",
      "parentGroupId" : "grp_63802",
      "contractIds" : [ "ctr_C-1ED34DY" ]
    }, {
      "groupName" : "DevOpsTraining",
      "groupId" : "grp_125029",
      "parentGroupId" : "grp_101216",
      "contractIds" : [ "ctr_C-1ED34DY" ]
    }, {
      "groupName" : "TEMPLATES",
      "groupId" : "grp_101220",
      "parentGroupId" : "grp_101217",
      "contractIds" : [ "ctr_C-1ED34DY" ]
    }, {
      "groupName" : "wildcard-test",
      "groupId" : "grp_114888",
      "parentGroupId" : "grp_101216",
      "contractIds" : [ "ctr_C-1ED34DY" ]
    }, {
      "groupName" : "monoprix-ninja",
      "groupId" : "grp_101434",
      "parentGroupId" : "grp_101216",
      "contractIds" : [ "ctr_C-1ED34DY" ]
    }, {
      "groupName" : "CORP",
      "groupId" : "grp_103532",
      "parentGroupId" : "grp_101217",
      "contractIds" : [ "ctr_C-1ED34DY" ]
    } ]
  }
}
[2019-05-10T16:16:10.438] [INFO] devops-prov.factory - Using credentials file: '/Users/ahogg/.edgerc', section: 'a2s-open'
[2019-05-10T16:16:10.444] [INFO] devops-prov.factory - need to create papi
[2019-05-10T16:16:10.445] [INFO] devops-prov.openclient - Requesting: POST /papi/v1/search/find-by-value
[2019-05-10T16:16:10.450] [INFO] devops-prov.edgegrid.auth - Unsigned authorization header: EG1-HMAC-SHA256 client_token=akab-gnasupcdly2zn57n-hwzqrs425m6pkfx3;access_token=akab-nimc2hhv7lrhs6w2-gxrxtbqusmuzurov;timestamp=20190510T14:16:10+0000;nonce=6f66dabf-8c23-4337-9c13-b8982a628d80;

[2019-05-10T16:16:10.451] [INFO] devops-prov.edgegrid.helpers - Body is "{"propertyName":"demo"}"
[2019-05-10T16:16:10.451] [DEBUG] devops-prov.edgegrid.helpers - PREPARED BODY LENGTH 23
[2019-05-10T16:16:10.451] [INFO] devops-prov.edgegrid.helpers - Signing content: "{"propertyName":"demo"}"
[2019-05-10T16:16:10.451] [DEBUG] devops-prov.edgegrid.helpers - PREPARED BODY {"propertyName":"demo"}
[2019-05-10T16:16:10.452] [INFO] devops-prov.edgegrid.helpers - Content hash is "pIm3gKES/1DA75/aG5oWKk8QyglNpRAUPstrC+hW7Qc="
[2019-05-10T16:16:10.452] [INFO] devops-prov.edgegrid.helpers - Data to sign: "POST	https	akab-i3bdcdazclq45kls-n5z5tpm3hxsud5yd.luna.akamaiapis.net	/papi/v1/search/find-by-value		pIm3gKES/1DA75/aG5oWKk8QyglNpRAUPstrC+hW7Qc=	EG1-HMAC-SHA256 client_token=akab-gnasupcdly2zn57n-hwzqrs425m6pkfx3;access_token=akab-nimc2hhv7lrhs6w2-gxrxtbqusmuzurov;timestamp=20190510T14:16:10+0000;nonce=6f66dabf-8c23-4337-9c13-b8982a628d80;" 

[2019-05-10T16:16:10.452] [INFO] devops-prov.edgegrid.helpers - Signing key: sQ3wnBJkHnOv1wUI7/OJE/o15W9igo9gi95cqBNPlkE=

[2019-05-10T16:16:10.452] [INFO] devops-prov.edgegrid.auth - Signed authorization header: EG1-HMAC-SHA256 client_token=akab-gnasupcdly2zn57n-hwzqrs425m6pkfx3;access_token=akab-nimc2hhv7lrhs6w2-gxrxtbqusmuzurov;timestamp=20190510T14:16:10+0000;nonce=6f66dabf-8c23-4337-9c13-b8982a628d80;signature=uC0ox9zBj3rppNlFo0GqOE4/IErNM5evl8+jLZOjZkc=

[2019-05-10T16:16:10.478] [INFO] devops-prov.edgegrid - request { debugId: 1,
  uri:
   'https://akab-i3bdcdazclq45kls-n5z5tpm3hxsud5yd.luna.akamaiapis.net/papi/v1/search/find-by-value',
  method: 'POST',
  headers:
   { 'X-User-Agent': 'Akamai-PD; Version=0.5.1;pm-cli;',
     'Content-Type': 'application/json',
     Authorization:
      'EG1-HMAC-SHA256 client_token=akab-gnasupcdly2zn57n-hwzqrs425m6pkfx3;access_token=akab-nimc2hhv7lrhs6w2-gxrxtbqusmuzurov;timestamp=20190510T14:16:10+0000;nonce=6f66dabf-8c23-4337-9c13-b8982a628d80;signature=uC0ox9zBj3rppNlFo0GqOE4/IErNM5evl8+jLZOjZkc=',
     host: 'akab-i3bdcdazclq45kls-n5z5tpm3hxsud5yd.luna.akamaiapis.net',
     'content-length': 23 },
  body: '{"propertyName":"demo"}' }
[2019-05-10T16:16:12.942] [INFO] devops-prov.edgegrid - response { debugId: 1,
  headers:
   { 'papi-cache-status': 'CACHE_MISS',
     vary: 'Accept-Encoding',
     'content-type': 'application/json;charset=UTF-8',
     'x-trace-id': '6e745cd587aa0e9e',
     'content-length': '42',
     date: 'Fri, 10 May 2019 14:16:12 GMT',
     connection: 'close' },
  statusCode: 200,
  body: '{\n  "versions" : {\n    "items" : [ ]\n  }\n}' }
[2019-05-10T16:16:12.942] [INFO] devops-prov.openclient - Status code:  200
[2019-05-10T16:16:12.942] [INFO] devops-prov.openclient - Body:  {
  "versions" : {
    "items" : [ ]
  }
}
[2019-05-10T16:16:27.981] [INFO] devops-prov.factory - Using credentials file: '/Users/ahogg/.edgerc', section: 'a2s-open'
[2019-05-10T16:16:27.986] [INFO] devops-prov.factory - need to create papi
[2019-05-10T16:16:27.988] [INFO] devops-prov.openclient - Requesting: POST /papi/v1/search/find-by-value
[2019-05-10T16:16:27.994] [INFO] devops-prov.edgegrid.auth - Unsigned authorization header: EG1-HMAC-SHA256 client_token=akab-gnasupcdly2zn57n-hwzqrs425m6pkfx3;access_token=akab-nimc2hhv7lrhs6w2-gxrxtbqusmuzurov;timestamp=20190510T14:16:27+0000;nonce=28aaead4-24a6-47c7-bd23-e93ed0070482;

[2019-05-10T16:16:27.994] [INFO] devops-prov.edgegrid.helpers - Body is "{"propertyName":"www.demo.a2s.ninja"}"
[2019-05-10T16:16:27.994] [DEBUG] devops-prov.edgegrid.helpers - PREPARED BODY LENGTH 37
[2019-05-10T16:16:27.994] [INFO] devops-prov.edgegrid.helpers - Signing content: "{"propertyName":"www.demo.a2s.ninja"}"
[2019-05-10T16:16:27.995] [DEBUG] devops-prov.edgegrid.helpers - PREPARED BODY {"propertyName":"www.demo.a2s.ninja"}
[2019-05-10T16:16:27.995] [INFO] devops-prov.edgegrid.helpers - Content hash is "k1Q7X2KXQkZi8ex/cHpQDJ4mqw+FnP7qx12EPggw+/E="
[2019-05-10T16:16:27.995] [INFO] devops-prov.edgegrid.helpers - Data to sign: "POST	https	akab-i3bdcdazclq45kls-n5z5tpm3hxsud5yd.luna.akamaiapis.net	/papi/v1/search/find-by-value		k1Q7X2KXQkZi8ex/cHpQDJ4mqw+FnP7qx12EPggw+/E=	EG1-HMAC-SHA256 client_token=akab-gnasupcdly2zn57n-hwzqrs425m6pkfx3;access_token=akab-nimc2hhv7lrhs6w2-gxrxtbqusmuzurov;timestamp=20190510T14:16:27+0000;nonce=28aaead4-24a6-47c7-bd23-e93ed0070482;" 

[2019-05-10T16:16:27.995] [INFO] devops-prov.edgegrid.helpers - Signing key: 2kBRTakRF2nEQODRy5f6wzBtwPDzd2t0YtIBpK+zPCc=

[2019-05-10T16:16:27.996] [INFO] devops-prov.edgegrid.auth - Signed authorization header: EG1-HMAC-SHA256 client_token=akab-gnasupcdly2zn57n-hwzqrs425m6pkfx3;access_token=akab-nimc2hhv7lrhs6w2-gxrxtbqusmuzurov;timestamp=20190510T14:16:27+0000;nonce=28aaead4-24a6-47c7-bd23-e93ed0070482;signature=9Rb+OGNac3VKn9A7ov100aM6NVMuSGjiMb+KUvyI36g=

[2019-05-10T16:16:28.023] [INFO] devops-prov.edgegrid - request { debugId: 1,
  uri:
   'https://akab-i3bdcdazclq45kls-n5z5tpm3hxsud5yd.luna.akamaiapis.net/papi/v1/search/find-by-value',
  method: 'POST',
  headers:
   { 'X-User-Agent': 'Akamai-PD; Version=0.5.1;pm-cli;',
     'Content-Type': 'application/json',
     Authorization:
      'EG1-HMAC-SHA256 client_token=akab-gnasupcdly2zn57n-hwzqrs425m6pkfx3;access_token=akab-nimc2hhv7lrhs6w2-gxrxtbqusmuzurov;timestamp=20190510T14:16:27+0000;nonce=28aaead4-24a6-47c7-bd23-e93ed0070482;signature=9Rb+OGNac3VKn9A7ov100aM6NVMuSGjiMb+KUvyI36g=',
     host: 'akab-i3bdcdazclq45kls-n5z5tpm3hxsud5yd.luna.akamaiapis.net',
     'content-length': 37 },
  body: '{"propertyName":"www.demo.a2s.ninja"}' }
[2019-05-10T16:16:29.923] [INFO] devops-prov.edgegrid - response { debugId: 1,
  headers:
   { 'papi-cache-status': 'CACHE_MISS',
     vary: 'Accept-Encoding',
     'content-type': 'application/json;charset=UTF-8',
     'x-trace-id': '6e745cd587b1107f',
     'content-length': '455',
     date: 'Fri, 10 May 2019 14:16:29 GMT',
     connection: 'close' },
  statusCode: 200,
  body:
   '{\n  "versions" : {\n    "items" : [ {\n      "accountId" : "act_B-C-1ED34DK",\n      "contractId" : "ctr_C-1ED34DY",\n      "assetId" : "aid_10676142",\n      "groupId" : "grp_125029",\n      "propertyId" : "prp_542877",\n      "propertyName" : "www.demo.a2s.ninja",\n      "propertyVersion" : 1,\n      "updatedByUser" : "ahogg",\n      "updatedDate" : "2019-05-10T14:01:20Z",\n      "productionStatus" : "INACTIVE",\n      "stagingStatus" : "INACTIVE"\n    } ]\n  }\n}' }
[2019-05-10T16:16:29.924] [INFO] devops-prov.openclient - Status code:  200
[2019-05-10T16:16:29.924] [INFO] devops-prov.openclient - Body:  {
  "versions" : {
    "items" : [ {
      "accountId" : "act_B-C-1ED34DK",
      "contractId" : "ctr_C-1ED34DY",
      "assetId" : "aid_10676142",
      "groupId" : "grp_125029",
      "propertyId" : "prp_542877",
      "propertyName" : "www.demo.a2s.ninja",
      "propertyVersion" : 1,
      "updatedByUser" : "ahogg",
      "updatedDate" : "2019-05-10T14:01:20Z",
      "productionStatus" : "INACTIVE",
      "stagingStatus" : "INACTIVE"
    } ]
  }
}
